Release 14.7 - xst P.20131013 (nt)
Copyright (c) 1995-2013 Xilinx, Inc.  All rights reserved.
--> Parameter TMPDIR set to xst/projnav.tmp


Total REAL time to Xst completion: 0.00 secs
Total CPU time to Xst completion: 0.11 secs
 
--> Parameter xsthdpdir set to xst


Total REAL time to Xst completion: 0.00 secs
Total CPU time to Xst completion: 0.11 secs
 
--> Reading design: werwer.prj

TABLE OF CONTENTS
  1) Synthesis Options Summary
  2) HDL Parsing
  3) HDL Elaboration
  4) HDL Synthesis
       4.1) HDL Synthesis Report
  5) Advanced HDL Synthesis
       5.1) Advanced HDL Synthesis Report
  6) Low Level Synthesis
  7) Partition Report
  8) Design Summary
       8.1) Primitive and Black Box Usage
       8.2) Device utilization summary
       8.3) Partition Resource Summary
       8.4) Timing Report
            8.4.1) Clock Information
            8.4.2) Asynchronous Control Signals Information
            8.4.3) Timing Summary
            8.4.4) Timing Details
            8.4.5) Cross Clock Domains Report


=========================================================================
*                      Synthesis Options Summary                        *
=========================================================================
---- Source Parameters
Input File Name                    : "werwer.prj"
Ignore Synthesis Constraint File   : NO

---- Target Parameters
Output File Name                   : "werwer"
Output Format                      : NGC
Target Device                      : xc6slx9-2-tqg144

---- Source Options
Top Module Name                    : werwer
Automatic FSM Extraction           : YES
FSM Encoding Algorithm             : Auto
Safe Implementation                : No
FSM Style                          : LUT
RAM Extraction                     : Yes
RAM Style                          : Auto
ROM Extraction                     : Yes
Shift Register Extraction          : YES
ROM Style                          : Auto
Resource Sharing                   : YES
Asynchronous To Synchronous        : NO
Shift Register Minimum Size        : 2
Use DSP Block                      : Auto
Automatic Register Balancing       : No

---- Target Options
LUT Combining                      : Auto
Reduce Control Sets                : Auto
Add IO Buffers                     : YES
Global Maximum Fanout              : 100000
Add Generic Clock Buffer(BUFG)     : 16
Register Duplication               : YES
Optimize Instantiated Primitives   : NO
Use Clock Enable                   : Auto
Use Synchronous Set                : Auto
Use Synchronous Reset              : Auto
Pack IO Registers into IOBs        : Auto
Equivalent register Removal        : YES

---- General Options
Optimization Goal                  : Speed
Optimization Effort                : 1
Power Reduction                    : NO
Keep Hierarchy                     : No
Netlist Hierarchy                  : As_Optimized
RTL Output                         : Yes
Global Optimization                : AllClockNets
Read Cores                         : YES
Write Timing Constraints           : NO
Cross Clock Analysis               : NO
Hierarchy Separator                : /
Bus Delimiter                      : <>
Case Specifier                     : Maintain
Slice Utilization Ratio            : 100
BRAM Utilization Ratio             : 100
DSP48 Utilization Ratio            : 100
Auto BRAM Packing                  : NO
Slice Utilization Ratio Delta      : 5

=========================================================================


=========================================================================
*                          HDL Parsing                                  *
=========================================================================
Analyzing Verilog file "D:\ggtyuiop\ergthyuiop.v" into library work
Parsing module <Decode_7Seg>.
Analyzing Verilog file "D:\ggtyuiop\asdasd.v" into library work
Parsing module <Gen_1Hz>.
Analyzing Verilog file "D:\ggtyuiop\werwer.vf" into library work
Parsing module <CB4CE_HXILINX_werwer>.
Parsing module <werwer>.

=========================================================================
*                            HDL Elaboration                            *
=========================================================================

Elaborating module <werwer>.

Elaborating module <Decode_7Seg>.

Elaborating module <Gen_1Hz>.

Elaborating module <CB4CE_HXILINX_werwer>.
WARNING:HDLCompiler:413 - "D:\ggtyuiop\werwer.vf" Line 48: Result of 5-bit expression is truncated to fit in 4-bit target.

Elaborating module <INV>.

Elaborating module <VCC>.

=========================================================================
*                           HDL Synthesis                               *
=========================================================================

Synthesizing Unit <werwer>.
    Related source file is "D:\ggtyuiop\werwer.vf".
    Set property "HU_SET = XLXI_3_0" for instance <XLXI_3>.
INFO:Xst:3210 - "D:\ggtyuiop\werwer.vf" line 104: Output port <CEO> of the instance <XLXI_3> is unconnected or connected to loadless signal.
INFO:Xst:3210 - "D:\ggtyuiop\werwer.vf" line 104: Output port <TC> of the instance <XLXI_3> is unconnected or connected to loadless signal.
    Summary:
	no macro.
Unit <werwer> synthesized.

Synthesizing Unit <Decode_7Seg>.
    Related source file is "D:\ggtyuiop\ergthyuiop.v".
    Summary:
	no macro.
Unit <Decode_7Seg> synthesized.

Synthesizing Unit <Gen_1Hz>.
    Related source file is "D:\ggtyuiop\asdasd.v".
    Found 1-bit register for signal <rClk_Out>.
    Found 28-bit register for signal <Counter>.
    Found 28-bit adder for signal <Counter[27]_GND_3_o_add_1_OUT> created at line 6.
    Summary:
	inferred   1 Adder/Subtractor(s).
	inferred  29 D-type flip-flop(s).
Unit <Gen_1Hz> synthesized.

Synthesizing Unit <CB4CE_HXILINX_werwer>.
    Related source file is "D:\ggtyuiop\werwer.vf".
    Found 1-bit register for signal <Q1>.
    Found 1-bit register for signal <Q2>.
    Found 1-bit register for signal <Q3>.
    Found 1-bit register for signal <Q0>.
    Found 4-bit adder for signal <Q3_GND_4_o_add_0_OUT> created at line 48.
    Summary:
	inferred   1 Adder/Subtractor(s).
	inferred   4 D-type flip-flop(s).
Unit <CB4CE_HXILINX_werwer> synthesized.

=========================================================================
HDL Synthesis Report

Macro Statistics
# Adders/Subtractors                                   : 2
 28-bit adder                                          : 1
 4-bit adder                                           : 1
# Registers                                            : 6
 1-bit register                                        : 5
 28-bit register                                       : 1

=========================================================================

=========================================================================
*                       Advanced HDL Synthesis                          *
=========================================================================


Synthesizing (advanced) Unit <Gen_1Hz>.
The following registers are absorbed into counter <Counter>: 1 register on signal <Counter>.
Unit <Gen_1Hz> synthesized (advanced).

=========================================================================
Advanced HDL Synthesis Report

Macro Statistics
# Adders/Subtractors                                   : 1
 4-bit adder                                           : 1
# Counters                                             : 1
 28-bit up counter                                     : 1
# Registers                                            : 5
 Flip-Flops                                            : 5

=========================================================================

=========================================================================
*                         Low Level Synthesis                           *
=========================================================================

Optimizing unit <werwer> ...

Optimizing unit <CB4CE_HXILINX_werwer> ...
WARNING:Xst:1710 - FF/Latch <XLXI_2/Counter_25> (without init value) has a constant value of 0 in block <werwer>. This FF/Latch will be trimmed during the optimization process.
WARNING:Xst:1895 - Due to other FF/Latch trimming, FF/Latch <XLXI_2/Counter_26> (without init value) has a constant value of 0 in block <werwer>. This FF/Latch will be trimmed during the optimization process.
WARNING:Xst:1895 - Due to other FF/Latch trimming, FF/Latch <XLXI_2/Counter_27> (without init value) has a constant value of 0 in block <werwer>. This FF/Latch will be trimmed during the optimization process.

Mapping all equations...
Building and optimizing final netlist ...
Found area constraint ratio of 100 (+ 5) on block werwer, actual ratio is 0.
FlipFlop XLXI_2/Counter_23 has been replicated 1 time(s)

Final Macro Processing ...

=========================================================================
Final Register Report

Macro Statistics
# Registers                                            : 31
 Flip-Flops                                            : 31

=========================================================================

=========================================================================
*                           Partition Report                            *
=========================================================================

Partition Implementation Status
-------------------------------

  No Partitions were found in this design.

-------------------------------

=========================================================================
*                            Design Summary                             *
=========================================================================

Top Level Output File Name         : werwer.ngc

Primitive and Black Box Usage:
------------------------------
# BELS                             : 123
#      GND                         : 1
#      INV                         : 3
#      LUT1                        : 24
#      LUT2                        : 1
#      LUT3                        : 1
#      LUT4                        : 8
#      LUT6                        : 35
#      MUXCY                       : 24
#      VCC                         : 1
#      XORCY                       : 25
# FlipFlops/Latches                : 31
#      FD                          : 27
#      FDCE                        : 4
# Clock Buffers                    : 1
#      BUFGP                       : 1
# IO Buffers                       : 10
#      IBUF                        : 1
#      OBUF                        : 9

Device utilization summary:
---------------------------

Selected Device : 6slx9tqg144-2 


Slice Logic Utilization: 
 Number of Slice Registers:              31  out of  11440     0%  
 Number of Slice LUTs:                   72  out of   5720     1%  
    Number used as Logic:                72  out of   5720     1%  

Slice Logic Distribution: 
 Number of LUT Flip Flop pairs used:     74
   Number with an unused Flip Flop:      43  out of     74    58%  
   Number with an unused LUT:             2  out of     74     2%  
   Number of fully used LUT-FF pairs:    29  out of     74    39%  
   Number of unique control sets:         2

IO Utilization: 
 Number of IOs:                          11
 Number of bonded IOBs:                  11  out of    102    10%  

Specific Feature Utilization:
 Number of BUFG/BUFGCTRLs:                1  out of     16     6%  

---------------------------
Partition Resource Summary:
---------------------------

  No Partitions were found in this design.

---------------------------


=========================================================================
Timing Report

NOTE: THESE TIMING NUMBERS ARE ONLY A SYNTHESIS ESTIMATE.
      FOR ACCURATE TIMING INFORMATION PLEASE REFER TO THE TRACE REPORT
      GENERATED AFTER PLACE-and-ROUTE.

Clock Information:
------------------
-----------------------------------+------------------------+-------+
Clock Signal                       | Clock buffer(FF name)  | Load  |
-----------------------------------+------------------------+-------+
XLXI_2/rClk_Out                    | NONE(XLXI_3/Q3)        | 4     |
Clk_50MHz                          | BUFGP                  | 27    |
-----------------------------------+------------------------+-------+
INFO:Xst:2169 - HDL ADVISOR - Some clock signals were not automatically buffered by XST with BUFG/BUFR resources. Please use the buffer_type constraint in order to insert these buffers to the clock signals to help prevent skew problems.

Asynchronous Control Signals Information:
----------------------------------------
No asynchronous control signals found in this design

Timing Summary:
---------------
Speed Grade: -2

   Minimum period: 3.827ns (Maximum Frequency: 261.301MHz)
   Minimum input arrival time before clock: 3.981ns
   Maximum output required time after clock: 5.687ns
   Maximum combinational path delay: No path found

Timing Details:
---------------
All values displayed in nanoseconds (ns)

=========================================================================
Timing constraint: Default period analysis for Clock 'XLXI_2/rClk_Out'
  Clock period: 2.573ns (frequency: 388.651MHz)
  Total number of paths / destination ports: 10 / 4
-------------------------------------------------------------------------
Delay:               2.573ns (Levels of Logic = 1)
  Source:            XLXI_3/Q0 (FF)
  Destination:       XLXI_3/Q0 (FF)
  Source Clock:      XLXI_2/rClk_Out rising
  Destination Clock: XLXI_2/rClk_Out rising

  Data Path: XLXI_3/Q0 to XLXI_3/Q0
                                Gate     Net
    Cell:in->out      fanout   Delay   Delay  Logical Name (Net Name)
    ----------------------------------------  ------------
     FDCE:C->Q            11   0.525   1.038  Q0 (Q0)
     INV:I->O              1   0.255   0.681  Madd_Q3_GND_4_o_add_0_OUT_xor<0>11_INV_0 (Q3_GND_4_o_add_0_OUT<0>)
     FDCE:D                    0.074          Q0
    ----------------------------------------
    Total                      2.573ns (0.854ns logic, 1.719ns route)
                                       (33.2% logic, 66.8% route)

=========================================================================
Timing constraint: Default period analysis for Clock 'Clk_50MHz'
  Clock period: 3.827ns (frequency: 261.301MHz)
  Total number of paths / destination ports: 1025 / 27
-------------------------------------------------------------------------
Delay:               3.827ns (Levels of Logic = 2)
  Source:            XLXI_2/Counter_1 (FF)
  Destination:       XLXI_2/Counter_20 (FF)
  Source Clock:      Clk_50MHz rising
  Destination Clock: Clk_50MHz rising

  Data Path: XLXI_2/Counter_1 to XLXI_2/Counter_20
                                Gate     Net
    Cell:in->out      fanout   Delay   Delay  Logical Name (Net Name)
    ----------------------------------------  ------------
     FD:C->Q               3   0.525   1.221  XLXI_2/Counter_1 (XLXI_2/Counter_1)
     LUT6:I0->O           12   0.254   1.499  XLXI_2/GND_3_o_GND_3_o_equal_3_o<27>3_1 (XLXI_2/GND_3_o_GND_3_o_equal_3_o<27>31)
     LUT6:I1->O            1   0.254   0.000  XLXI_2/Counter_20_rstpot (XLXI_2/Counter_20_rstpot)
     FD:D                      0.074          XLXI_2/Counter_20
    ----------------------------------------
    Total                      3.827ns (1.107ns logic, 2.720ns route)
                                       (28.9% logic, 71.1% route)

=========================================================================
Timing constraint: Default OFFSET IN BEFORE for Clock 'XLXI_2/rClk_Out'
  Total number of paths / destination ports: 4 / 4
-------------------------------------------------------------------------
Offset:              3.981ns (Levels of Logic = 3)
  Source:            Reset_Onboard (PAD)
  Destination:       XLXI_3/Q3 (FF)
  Destination Clock: XLXI_2/rClk_Out rising

  Data Path: Reset_Onboard to XLXI_3/Q3
                                Gate     Net
    Cell:in->out      fanout   Delay   Delay  Logical Name (Net Name)
    ----------------------------------------  ------------
     IBUF:I->O             1   1.328   0.681  Reset_Onboard_IBUF (Reset_Onboard_IBUF)
     INV:I->O              4   0.710   0.803  XLXI_4 (XLXN_6)
     begin scope: 'XLXI_3:CLR'
     FDCE:CLR                  0.459          Q3
    ----------------------------------------
    Total                      3.981ns (2.497ns logic, 1.484ns route)
                                       (62.7% logic, 37.3% route)

=========================================================================
Timing constraint: Default OFFSET OUT AFTER for Clock 'XLXI_2/rClk_Out'
  Total number of paths / destination ports: 28 / 7
-------------------------------------------------------------------------
Offset:              5.687ns (Levels of Logic = 3)
  Source:            XLXI_3/Q0 (FF)
  Destination:       Seg_C (PAD)
  Source Clock:      XLXI_2/rClk_Out rising

  Data Path: XLXI_3/Q0 to Seg_C
                                Gate     Net
    Cell:in->out      fanout   Delay   Delay  Logical Name (Net Name)
    ----------------------------------------  ------------
     FDCE:C->Q            11   0.525   1.315  Q0 (Q0)
     end scope: 'XLXI_3:Q0'
     LUT4:I0->O            1   0.254   0.681  XLXI_1/lede1 (Seg_E_OBUF)
     OBUF:I->O                 2.912          Seg_E_OBUF (Seg_E)
    ----------------------------------------
    Total                      5.687ns (3.691ns logic, 1.996ns route)
                                       (64.9% logic, 35.1% route)

=========================================================================

Cross Clock Domains Report:
--------------------------

Clock to Setup on destination clock Clk_50MHz
---------------+---------+---------+---------+---------+
               | Src:Rise| Src:Fall| Src:Rise| Src:Fall|
Source Clock   |Dest:Rise|Dest:Rise|Dest:Fall|Dest:Fall|
---------------+---------+---------+---------+---------+
Clk_50MHz      |    3.827|         |         |         |
---------------+---------+---------+---------+---------+

Clock to Setup on destination clock XLXI_2/rClk_Out
---------------+---------+---------+---------+---------+
               | Src:Rise| Src:Fall| Src:Rise| Src:Fall|
Source Clock   |Dest:Rise|Dest:Rise|Dest:Fall|Dest:Fall|
---------------+---------+---------+---------+---------+
XLXI_2/rClk_Out|    2.573|         |         |         |
---------------+---------+---------+---------+---------+

=========================================================================


Total REAL time to Xst completion: 3.00 secs
Total CPU time to Xst completion: 3.02 secs
 
--> 

Total memory usage is 277884 kilobytes

Number of errors   :    0 (   0 filtered)
Number of warnings :    4 (   0 filtered)
Number of infos    :    3 (   0 filtered)

