Release 14.7 - xst P.20131013 (nt)
Copyright (c) 1995-2013 Xilinx, Inc.  All rights reserved.
--> Parameter TMPDIR set to xst/projnav.tmp


Total REAL time to Xst completion: 0.00 secs
Total CPU time to Xst completion: 0.25 secs
 
--> Parameter xsthdpdir set to xst


Total REAL time to Xst completion: 0.00 secs
Total CPU time to Xst completion: 0.25 secs
 
--> Reading design: moving_led_1.prj

TABLE OF CONTENTS
  1) Synthesis Options Summary
  2) HDL Parsing
  3) HDL Elaboration
  4) HDL Synthesis
       4.1) HDL Synthesis Report
  5) Advanced HDL Synthesis
       5.1) Advanced HDL Synthesis Report
  6) Low Level Synthesis
  7) Partition Report
  8) Design Summary
       8.1) Primitive and Black Box Usage
       8.2) Device utilization summary
       8.3) Partition Resource Summary
       8.4) Timing Report
            8.4.1) Clock Information
            8.4.2) Asynchronous Control Signals Information
            8.4.3) Timing Summary
            8.4.4) Timing Details
            8.4.5) Cross Clock Domains Report


=========================================================================
*                      Synthesis Options Summary                        *
=========================================================================
---- Source Parameters
Input File Name                    : "moving_led_1.prj"
Ignore Synthesis Constraint File   : NO

---- Target Parameters
Output File Name                   : "moving_led_1"
Output Format                      : NGC
Target Device                      : xc6slx9-2-tqg144

---- Source Options
Top Module Name                    : moving_led_1
Automatic FSM Extraction           : YES
FSM Encoding Algorithm             : Auto
Safe Implementation                : No
FSM Style                          : LUT
RAM Extraction                     : Yes
RAM Style                          : Auto
ROM Extraction                     : Yes
Shift Register Extraction          : YES
ROM Style                          : Auto
Resource Sharing                   : YES
Asynchronous To Synchronous        : NO
Shift Register Minimum Size        : 2
Use DSP Block                      : Auto
Automatic Register Balancing       : No

---- Target Options
LUT Combining                      : Auto
Reduce Control Sets                : Auto
Add IO Buffers                     : YES
Global Maximum Fanout              : 100000
Add Generic Clock Buffer(BUFG)     : 16
Register Duplication               : YES
Optimize Instantiated Primitives   : NO
Use Clock Enable                   : Auto
Use Synchronous Set                : Auto
Use Synchronous Reset              : Auto
Pack IO Registers into IOBs        : Auto
Equivalent register Removal        : YES

---- General Options
Optimization Goal                  : Speed
Optimization Effort                : 1
Power Reduction                    : NO
Keep Hierarchy                     : No
Netlist Hierarchy                  : As_Optimized
RTL Output                         : Yes
Global Optimization                : AllClockNets
Read Cores                         : YES
Write Timing Constraints           : NO
Cross Clock Analysis               : NO
Hierarchy Separator                : /
Bus Delimiter                      : <>
Case Specifier                     : Maintain
Slice Utilization Ratio            : 100
BRAM Utilization Ratio             : 100
DSP48 Utilization Ratio            : 100
Auto BRAM Packing                  : NO
Slice Utilization Ratio Delta      : 5

=========================================================================


=========================================================================
*                          HDL Parsing                                  *
=========================================================================
Parsing VHDL file "D:\EMBEDDED_RPi Software\FPGA\AAA\AAAA.vhd" into library work
Parsing entity <DIVIDER>.
Parsing architecture <RTL> of entity <divider>.
Parsing VHDL file "D:\EMBEDDED_RPi Software\FPGA\AAA\SS.vhd" into library work
Parsing entity <moving_led_1>.
Parsing architecture <beh> of entity <moving_led_1>.

=========================================================================
*                            HDL Elaboration                            *
=========================================================================

Elaborating entity <moving_led_1> (architecture <beh>) from library <work>.
WARNING:HDLCompiler:92 - "D:\EMBEDDED_RPi Software\FPGA\AAA\SS.vhd" Line 21: sq should be on the sensitivity list of the process
WARNING:HDLCompiler:92 - "D:\EMBEDDED_RPi Software\FPGA\AAA\SS.vhd" Line 25: q should be on the sensitivity list of the process

Elaborating entity <DIVIDER> (architecture <RTL>) with generics from library <work>.

=========================================================================
*                           HDL Synthesis                               *
=========================================================================

Synthesizing Unit <moving_led_1>.
    Related source file is "D:\EMBEDDED_RPi Software\FPGA\AAA\SS.vhd".
    Found 8-bit register for signal <yout>.
    Summary:
	inferred   8 D-type flip-flop(s).
Unit <moving_led_1> synthesized.

Synthesizing Unit <DIVIDER>.
    Related source file is "D:\EMBEDDED_RPi Software\FPGA\AAA\AAAA.vhd".
        fin = 50000000
        fout = 4
    Found 1-bit register for signal <qs>.
    Found 23-bit register for signal <COUNT>.
    Found 23-bit adder for signal <COUNT[22]_GND_4_o_add_1_OUT> created at line 21.
    Found 23-bit comparator greater for signal <n0000> created at line 17
    Summary:
	inferred   1 Adder/Subtractor(s).
	inferred  24 D-type flip-flop(s).
	inferred   1 Comparator(s).
Unit <DIVIDER> synthesized.

=========================================================================
HDL Synthesis Report

Macro Statistics
# Adders/Subtractors                                   : 1
 23-bit adder                                          : 1
# Registers                                            : 3
 1-bit register                                        : 1
 23-bit register                                       : 1
 8-bit register                                        : 1
# Comparators                                          : 1
 23-bit comparator greater                             : 1

=========================================================================

=========================================================================
*                       Advanced HDL Synthesis                          *
=========================================================================


Synthesizing (advanced) Unit <DIVIDER>.
The following registers are absorbed into counter <COUNT>: 1 register on signal <COUNT>.
Unit <DIVIDER> synthesized (advanced).

=========================================================================
Advanced HDL Synthesis Report

Macro Statistics
# Counters                                             : 1
 23-bit up counter                                     : 1
# Registers                                            : 9
 Flip-Flops                                            : 9
# Comparators                                          : 1
 23-bit comparator greater                             : 1

=========================================================================

=========================================================================
*                         Low Level Synthesis                           *
=========================================================================

Optimizing unit <moving_led_1> ...

Mapping all equations...
Building and optimizing final netlist ...
Found area constraint ratio of 100 (+ 5) on block moving_led_1, actual ratio is 0.

Final Macro Processing ...

=========================================================================
Final Register Report

Macro Statistics
# Registers                                            : 32
 Flip-Flops                                            : 32

=========================================================================

=========================================================================
*                           Partition Report                            *
=========================================================================

Partition Implementation Status
-------------------------------

  No Partitions were found in this design.

-------------------------------

=========================================================================
*                            Design Summary                             *
=========================================================================

Top Level Output File Name         : moving_led_1.ngc

Primitive and Black Box Usage:
------------------------------
# BELS                             : 109
#      GND                         : 1
#      INV                         : 3
#      LUT1                        : 22
#      LUT2                        : 25
#      LUT3                        : 1
#      LUT5                        : 6
#      MUXCY                       : 27
#      VCC                         : 1
#      XORCY                       : 23
# FlipFlops/Latches                : 32
#      FD                          : 23
#      FDC                         : 7
#      FDE                         : 1
#      FDP                         : 1
# Clock Buffers                    : 1
#      BUFGP                       : 1
# IO Buffers                       : 9
#      IBUF                        : 1
#      OBUF                        : 8

Device utilization summary:
---------------------------

Selected Device : 6slx9tqg144-2 


Slice Logic Utilization: 
 Number of Slice Registers:              32  out of  11440     0%  
 Number of Slice LUTs:                   57  out of   5720     0%  
    Number used as Logic:                57  out of   5720     0%  

Slice Logic Distribution: 
 Number of LUT Flip Flop pairs used:     65
   Number with an unused Flip Flop:      33  out of     65    50%  
   Number with an unused LUT:             8  out of     65    12%  
   Number of fully used LUT-FF pairs:    24  out of     65    36%  
   Number of unique control sets:         3

IO Utilization: 
 Number of IOs:                          10
 Number of bonded IOBs:                  10  out of    102     9%  

Specific Feature Utilization:
 Number of BUFG/BUFGCTRLs:                1  out of     16     6%  

---------------------------
Partition Resource Summary:
---------------------------

  No Partitions were found in this design.

---------------------------


=========================================================================
Timing Report

NOTE: THESE TIMING NUMBERS ARE ONLY A SYNTHESIS ESTIMATE.
      FOR ACCURATE TIMING INFORMATION PLEASE REFER TO THE TRACE REPORT
      GENERATED AFTER PLACE-and-ROUTE.

Clock Information:
------------------
-----------------------------------+------------------------+-------+
Clock Signal                       | Clock buffer(FF name)  | Load  |
-----------------------------------+------------------------+-------+
c1/qs                              | NONE(q_0)              | 8     |
clk                                | BUFGP                  | 24    |
-----------------------------------+------------------------+-------+
INFO:Xst:2169 - HDL ADVISOR - Some clock signals were not automatically buffered by XST with BUFG/BUFR resources. Please use the buffer_type constraint in order to insert these buffers to the clock signals to help prevent skew problems.

Asynchronous Control Signals Information:
----------------------------------------
No asynchronous control signals found in this design

Timing Summary:
---------------
Speed Grade: -2

   Minimum period: 4.207ns (Maximum Frequency: 237.713MHz)
   Minimum input arrival time before clock: 3.666ns
   Maximum output required time after clock: 4.162ns
   Maximum combinational path delay: No path found

Timing Details:
---------------
All values displayed in nanoseconds (ns)

=========================================================================
Timing constraint: Default period analysis for Clock 'c1/qs'
  Clock period: 1.324ns (frequency: 755.287MHz)
  Total number of paths / destination ports: 8 / 8
-------------------------------------------------------------------------
Delay:               1.324ns (Levels of Logic = 0)
  Source:            q_7 (FF)
  Destination:       q_0 (FF)
  Source Clock:      c1/qs rising
  Destination Clock: c1/qs rising

  Data Path: q_7 to q_0
                                Gate     Net
    Cell:in->out      fanout   Delay   Delay  Logical Name (Net Name)
    ----------------------------------------  ------------
     FDC:C->Q              2   0.525   0.725  q_7 (q_7)
     FDP:D                     0.074          q_0
    ----------------------------------------
    Total                      1.324ns (0.599ns logic, 0.725ns route)
                                       (45.2% logic, 54.8% route)

=========================================================================
Timing constraint: Default period analysis for Clock 'clk'
  Clock period: 4.207ns (frequency: 237.713MHz)
  Total number of paths / destination ports: 1189 / 25
-------------------------------------------------------------------------
Delay:               4.207ns (Levels of Logic = 6)
  Source:            c1/COUNT_9 (FF)
  Destination:       c1/COUNT_0 (FF)
  Source Clock:      clk rising
  Destination Clock: clk rising

  Data Path: c1/COUNT_9 to c1/COUNT_0
                                Gate     Net
    Cell:in->out      fanout   Delay   Delay  Logical Name (Net Name)
    ----------------------------------------  ------------
     FD:C->Q               3   0.525   1.196  c1/COUNT_9 (c1/COUNT_9)
     LUT5:I0->O            1   0.254   0.000  c1/Mcompar_n0000_lut<1> (c1/Mcompar_n0000_lut<1>)
     MUXCY:S->O            1   0.215   0.000  c1/Mcompar_n0000_cy<1> (c1/Mcompar_n0000_cy<1>)
     MUXCY:CI->O           1   0.023   0.000  c1/Mcompar_n0000_cy<2> (c1/Mcompar_n0000_cy<2>)
     MUXCY:CI->O           1   0.023   0.000  c1/Mcompar_n0000_cy<3> (c1/Mcompar_n0000_cy<3>)
     MUXCY:CI->O          24   0.262   1.380  c1/Mcompar_n0000_cy<4> (c1/Mcompar_n0000_cy<4>)
     LUT2:I1->O            1   0.254   0.000  c1/COUNT_0_rstpot (c1/COUNT_0_rstpot)
     FD:D                      0.074          c1/COUNT_0
    ----------------------------------------
    Total                      4.207ns (1.631ns logic, 2.576ns route)
                                       (38.8% logic, 61.2% route)

=========================================================================
Timing constraint: Default OFFSET IN BEFORE for Clock 'c1/qs'
  Total number of paths / destination ports: 8 / 8
-------------------------------------------------------------------------
Offset:              3.666ns (Levels of Logic = 2)
  Source:            reset (PAD)
  Destination:       q_0 (FF)
  Destination Clock: c1/qs rising

  Data Path: reset to q_0
                                Gate     Net
    Cell:in->out      fanout   Delay   Delay  Logical Name (Net Name)
    ----------------------------------------  ------------
     IBUF:I->O             1   1.328   0.681  reset_IBUF (reset_IBUF)
     INV:I->O              8   0.255   0.943  reset_inv1_INV_0 (reset_inv)
     FDP:PRE                   0.459          q_0
    ----------------------------------------
    Total                      3.666ns (2.042ns logic, 1.624ns route)
                                       (55.7% logic, 44.3% route)

=========================================================================
Timing constraint: Default OFFSET OUT AFTER for Clock 'c1/qs'
  Total number of paths / destination ports: 8 / 8
-------------------------------------------------------------------------
Offset:              4.162ns (Levels of Logic = 1)
  Source:            q_7 (FF)
  Destination:       yout<7> (PAD)
  Source Clock:      c1/qs rising

  Data Path: q_7 to yout<7>
                                Gate     Net
    Cell:in->out      fanout   Delay   Delay  Logical Name (Net Name)
    ----------------------------------------  ------------
     FDC:C->Q              2   0.525   0.725  q_7 (q_7)
     OBUF:I->O                 2.912          yout_7_OBUF (yout<7>)
    ----------------------------------------
    Total                      4.162ns (3.437ns logic, 0.725ns route)
                                       (82.6% logic, 17.4% route)

=========================================================================

Cross Clock Domains Report:
--------------------------

Clock to Setup on destination clock c1/qs
---------------+---------+---------+---------+---------+
               | Src:Rise| Src:Fall| Src:Rise| Src:Fall|
Source Clock   |Dest:Rise|Dest:Rise|Dest:Fall|Dest:Fall|
---------------+---------+---------+---------+---------+
c1/qs          |    1.324|         |         |         |
---------------+---------+---------+---------+---------+

Clock to Setup on destination clock clk
---------------+---------+---------+---------+---------+
               | Src:Rise| Src:Fall| Src:Rise| Src:Fall|
Source Clock   |Dest:Rise|Dest:Rise|Dest:Fall|Dest:Fall|
---------------+---------+---------+---------+---------+
clk            |    4.207|         |         |         |
---------------+---------+---------+---------+---------+

=========================================================================


Total REAL time to Xst completion: 10.00 secs
Total CPU time to Xst completion: 10.21 secs
 
--> 

Total memory usage is 278256 kilobytes

Number of errors   :    0 (   0 filtered)
Number of warnings :    2 (   0 filtered)
Number of infos    :    1 (   0 filtered)

